0:0:0:0:0:0:0:1 - - [09/Feb/2025:00:33:40 +0900] "GET /auth/kakao HTTP/1.1" 401 54
0:0:0:0:0:0:0:1 - - [09/Feb/2025:00:33:40 +0900] "GET /favicon.ico HTTP/1.1" 401 54
0:0:0:0:0:0:0:1 - - [09/Feb/2025:00:34:36 +0900] "GET /auth/kakao HTTP/1.1" 401 54
0:0:0:0:0:0:0:1 - - [09/Feb/2025:00:34:36 +0900] "GET /auth/kakao HTTP/1.1" 401 54
0:0:0:0:0:0:0:1 - - [09/Feb/2025:00:34:36 +0900] "GET /favicon.ico HTTP/1.1" 401 54
0:0:0:0:0:0:0:1 - - [09/Feb/2025:00:38:55 +0900] "GET /auth/kakao HTTP/1.1" 401 54
0:0:0:0:0:0:0:1 - - [09/Feb/2025:00:38:55 +0900] "GET /favicon.ico HTTP/1.1" 401 54
0:0:0:0:0:0:0:1 - - [09/Feb/2025:00:38:58 +0900] "GET /auth/kakao HTTP/1.1" 401 54
0:0:0:0:0:0:0:1 - - [09/Feb/2025:00:38:58 +0900] "GET /favicon.ico HTTP/1.1" 401 54
0:0:0:0:0:0:0:1 - - [09/Feb/2025:00:39:51 +0900] "GET /auth/kakao HTTP/1.1" 401 54
0:0:0:0:0:0:0:1 - - [09/Feb/2025:00:39:52 +0900] "GET /auth/kakao HTTP/1.1" 401 54
0:0:0:0:0:0:0:1 - - [09/Feb/2025:00:39:52 +0900] "GET /favicon.ico HTTP/1.1" 401 54
0:0:0:0:0:0:0:1 - - [09/Feb/2025:00:41:18 +0900] "POST /auth/kakao HTTP/1.1" 500 122
0:0:0:0:0:0:0:1 - - [09/Feb/2025:00:41:40 +0900] "POST /auth/kakao HTTP/1.1" 500 122
0:0:0:0:0:0:0:1 - - [09/Feb/2025:00:41:48 +0900] "POST /auth/kakao?code=f1QvJDLrCVXhSLDDbxAZ-t48fp5fzooHhyV6Swlk9RfyrJyHJIlbAQAAAAQKPXQRAAABlOYtvJTHP8VuE1ZNOQ HTTP/1.1" 500 122
0:0:0:0:0:0:0:1 - - [09/Feb/2025:00:42:19 +0900] "POST /auth/kakao?code=f1QvJDLrCVXhSLDDbxAZ-t48fp5fzooHhyV6Swlk9RfyrJyHJIlbAQAAAAQKPXQRAAABlOYtvJTHP8VuE1ZNOQ HTTP/1.1" 500 122
0:0:0:0:0:0:0:1 - - [09/Feb/2025:00:42:51 +0900] "POST /auth/kakao?code=f1QvJDLrCVXhSLDDbxAZ-t48fp5fzooHhyV6Swlk9RfyrJyHJIlbAQAAAAQKPXQRAAABlOYtvJTHP8VuE1ZNOQ HTTP/1.1" 500 122
0:0:0:0:0:0:0:1 - - [09/Feb/2025:00:45:09 +0900] "GET /auth/kakao HTTP/1.1" 401 54
0:0:0:0:0:0:0:1 - - [09/Feb/2025:00:45:09 +0900] "GET /auth/kakao HTTP/1.1" 401 54
0:0:0:0:0:0:0:1 - - [09/Feb/2025:00:45:09 +0900] "GET /favicon.ico HTTP/1.1" 401 54
0:0:0:0:0:0:0:1 - - [09/Feb/2025:00:45:42 +0900] "GET /auth/kakao?code=f1QvJDLrCVXhSLDDbxAZ-t48fp5fzooHhyV6Swlk9RfyrJyHJIlbAQAAAAQKPXQRAAABlOYtvJTHP8VuE1ZNOQ HTTP/1.1" 401 54
0:0:0:0:0:0:0:1 - - [09/Feb/2025:00:45:42 +0900] "GET /favicon.ico HTTP/1.1" 401 54
0:0:0:0:0:0:0:1 - - [09/Feb/2025:00:45:43 +0900] "GET /auth/kakao?code=f1QvJDLrCVXhSLDDbxAZ-t48fp5fzooHhyV6Swlk9RfyrJyHJIlbAQAAAAQKPXQRAAABlOYtvJTHP8VuE1ZNOQ HTTP/1.1" 401 54
0:0:0:0:0:0:0:1 - - [09/Feb/2025:00:45:43 +0900] "GET /favicon.ico HTTP/1.1" 401 54
0:0:0:0:0:0:0:1 - - [09/Feb/2025:00:46:38 +0900] "GET /auth/kakao HTTP/1.1" 401 54
0:0:0:0:0:0:0:1 - - [09/Feb/2025:00:46:42 +0900] "GET /auth/kakao HTTP/1.1" 401 54
0:0:0:0:0:0:0:1 - - [09/Feb/2025:00:46:42 +0900] "GET /favicon.ico HTTP/1.1" 401 54
